Arguments: 
  /home/natanael/.asdf/installs/nodejs/14.16.1/bin/node /home/natanael/.asdf/installs/nodejs/14.16.1/.npm/bin/yarn

PATH: 
  /home/natanael/.asdf/plugins/nodejs/shims:/home/natanael/.asdf/installs/nodejs/14.16.1/.npm/bin:/home/natanael/.asdf/installs/nodejs/14.16.1/bin:/home/natanael/.asdf/shims:/home/natanael/.asdf/bin:/usr/local/sbin:/usr/local/bin:/usr/sbin:/usr/bin:/sbin:/bin:/usr/games:/usr/local/games:/snap/bin

Yarn version: 
  1.22.11

Node version: 
  14.16.1

Platform: 
  linux x64

Trace: 
  SyntaxError: /home/natanael/.cache/yarn/v6/npm-@babel-cli-7.14.8-fac73c0e2328a8af9fd3560c06b096bfa3730933-integrity/node_modules/@babel/cli/.yarn-metadata.json: Unexpected end of JSON input
      at JSON.parse (<anonymous>)
      at /home/natanael/.asdf/installs/nodejs/14.16.1/.npm/lib/node_modules/yarn/lib/cli.js:1625:59
      at Generator.next (<anonymous>)
      at step (/home/natanael/.asdf/installs/nodejs/14.16.1/.npm/lib/node_modules/yarn/lib/cli.js:310:30)
      at /home/natanael/.asdf/installs/nodejs/14.16.1/.npm/lib/node_modules/yarn/lib/cli.js:321:13

npm manifest: 
  {
    "name": "api-vendas",
    "version": "1.0.0",
    "main": "index.js",
    "license": "MIT",
    "scripts": {
      "test": "echo \"Error: no test specified\" &amp;&amp; exit 1",
      "dev": "ts-node-dev -r tsconfig-paths/register --inspect --transpile-only --ignore-watch node_modules src/shared/http/server.ts",
      "lint": "eslint . --ext .ts",
      "lint-fix": "eslint . --ext .ts --fix",
      "typeorm": "ts-node-dev ./node_modules/typeorm/cli.js"
    },
    "devDependencies": {
      "@babel/cli": "^7.12.10",
      "@babel/core": "^7.12.10",
      "@babel/node": "^7.12.10",
      "@babel/plugin-proposal-class-properties": "^7.12.1",
      "@babel/plugin-proposal-decorators": "^7.12.12",
      "@babel/preset-env": "^7.12.11",
      "@babel/preset-typescript": "^7.12.7",
      "@types/bcryptjs": "^2.4.2",
      "@types/cors": "^2.8.8",
      "@types/express": "^4.17.9",
      "@types/ioredis": "^4.17.10",
      "@types/joi": "^14.3.4",
      "@types/jsonwebtoken": "^8.5.0",
      "@types/multer": "^1.4.5",
      "@types/node": "^14.14.10",
      "@types/nodemailer": "^6.4.0",
      "@types/redis": "^2.8.28",
      "@typescript-eslint/eslint-plugin": "^4.9.0",
      "@typescript-eslint/parser": "^4.9.0",
      "babel-plugin-module-resolver": "^4.1.0",
      "babel-plugin-transform-typescript-metadata": "^0.3.1",
      "eslint": "^7.14.0",
      "eslint-config-prettier": "^6.15.0",
      "eslint-plugin-prettier": "^3.2.0",
      "prettier": "^2.2.1",
      "ts-node-dev": "^1.0.0",
      "tsconfig-paths": "^3.9.0",
      "typescript": "^4.1.2"
    },
    "dependencies": {
      "@types/ioredis": "^4.26.7",
      "@types/redis": "^2.8.31",
      "aws-sdk": "^2.975.0",
      "bcryptjs": "^2.4.3",
      "celebrate": "^15.0.0",
      "class-transformer": "^0.4.0",
      "cors": "^2.8.5",
      "date-fns": "^2.23.0",
      "dotenv": "^10.0.0",
      "express": "^4.17.1",
      "express-async-errors": "^3.1.1",
      "handlebars": "^4.7.7",
      "ioredis": "^4.27.8",
      "jsonwebtoken": "^8.5.1",
      "mime": "^2.5.2",
      "multer": "^1.4.3",
      "nodemailer": "^6.6.3",
      "pg": "^8.7.1",
      "rate-limiter-flexible": "^2.2.4",
      "redis": "^3.1.2",
      "reflect-metadata": "^0.1.13",
      "typeorm": "^0.2.36",
      "typeorm-pagination": "^2.0.3"
    }
  }

yarn manifest: 
  No manifest

Lockfile: 
  No lockfile
